Copyright 1986-2018 Xilinx, Inc. All Rights Reserved.
-----------------------------------------------------------------------------------------------------------------------------------------------------
| Tool Version : Vivado v.2018.2.1 (lin64) Build 2288692 Thu Jul 26 18:23:50 MDT 2018
| Date         : Tue Oct  2 19:05:56 2018
| Host         : a14p3 running 64-bit Ubuntu 18.04.1 LTS
| Command      : report_methodology -file calc4_methodology_drc_routed.rpt -pb calc4_methodology_drc_routed.pb -rpx calc4_methodology_drc_routed.rpx
| Design       : calc4
| Device       : xc7a35tcpg236-1
| Speed File   : -1
| Design State : Routed
-----------------------------------------------------------------------------------------------------------------------------------------------------

Report Methodology

Table of Contents
-----------------
1. REPORT SUMMARY
2. REPORT DETAILS

1. REPORT SUMMARY
-----------------
            Netlist: netlist
          Floorplan: design_1
      Design limits: <entire design considered>
             Max violations: <unlimited>
             Violations found: 4
+-----------+----------+-------------------+------------+
| Rule      | Severity | Description       | Violations |
+-----------+----------+-------------------+------------+
| TIMING-20 | Warning  | Non-clocked latch | 4          |
+-----------+----------+-------------------+------------+

2. REPORT DETAILS
-----------------
TIMING-20#1 Warning
Non-clocked latch  
The latch inst_count8/count_reg[0] cannot be properly analyzed as its control pin inst_count8/count_reg[0]/G is not reached by a timing clock
Related violations: <none>

TIMING-20#2 Warning
Non-clocked latch  
The latch inst_count8/count_reg[1] cannot be properly analyzed as its control pin inst_count8/count_reg[1]/G is not reached by a timing clock
Related violations: <none>

TIMING-20#3 Warning
Non-clocked latch  
The latch inst_count8/count_reg[2] cannot be properly analyzed as its control pin inst_count8/count_reg[2]/G is not reached by a timing clock
Related violations: <none>

TIMING-20#4 Warning
Non-clocked latch  
The latch inst_count8/count_reg[3] cannot be properly analyzed as its control pin inst_count8/count_reg[3]/G is not reached by a timing clock
Related violations: <none>


